<?xml version="1.0" encoding="UTF-8"?>
<testng-results ignored="0" total="1" passed="0" failed="1" skipped="0">
  <reporter-output>
  </reporter-output>
  <suite started-at="2024-09-26T14:46:00 PDT" name="Suite" finished-at="2024-09-26T14:46:28 PDT" duration-ms="27626">
    <groups>
    </groups>
    <test started-at="2024-09-26T14:46:00 PDT" name="trawik_option_none" finished-at="2024-09-26T14:46:28 PDT" duration-ms="27626">
      <class name="com.test.automatiom.testCaseTrawikAPIFetchUIElements">
        <test-method is-config="true" signature="setUp()[pri:0, instance:com.test.automatiom.testCaseTrawikAPIFetchUIElements@3d51f06e]" started-at="2024-09-26T14:46:00 PDT" name="setUp" finished-at="2024-09-26T14:46:03 PDT" duration-ms="2818" status="PASS">
          <reporter-output>
          </reporter-output>
        </test-method> <!-- setUp -->
        <test-method signature="test(java.lang.String)[pri:0, instance:com.test.automatiom.testCaseTrawikAPIFetchUIElements@3d51f06e]" started-at="2024-09-26T14:46:03 PDT" name="test" finished-at="2024-09-26T14:46:28 PDT" duration-ms="24569" status="FAIL">
          <params>
            <param index="0">
              <value>
                <![CDATA[disabilityUpgradeNone_HomeCountryNo]]>
              </value>
            </param>
          </params>
          <exception class="org.openqa.selenium.ElementClickInterceptedException">
            <message>
              <![CDATA[element click intercepted: Element <input data-v-8e60f73a="" type="text" id="vc_home_country" name="89im6edfs5f" autocomplete="89im6edfs5f" required="required" class="input-field" placeholder="Select Country of Residence"> is not clickable at point (808, 782). Other element would receive the click: <li data-v-8e60f73a="" data-value="" class="dropdown-item country-static-label">...</li>
  (Session info: chrome=126.0.6478.183)
Build info: version: '3.141.59', revision: 'e82be7d358', time: '2018-11-14T08:17:03'
System info: host: 'VisitorsCoverages-MacBook-Pro.local', ip: 'fe80:0:0:0:1492:bee1:54e0:223e%en0', os.name: 'Mac OS X', os.arch: 'x86_64', os.version: '14.5', java.version: '21.0.4'
Driver info: org.openqa.selenium.chrome.ChromeDriver
Capabilities {acceptInsecureCerts: false, browserName: chrome, browserVersion: 126.0.6478.183, chrome: {chromedriverVersion: 126.0.6478.182 (5b5d8292ddf..., userDataDir: /var/folders/1h/87lt886n385...}, fedcm:accounts: true, goog:chromeOptions: {debuggerAddress: localhost:55553}, javascriptEnabled: true, networkConnectionEnabled: false, pageLoadStrategy: normal, platform: MAC, platformName: MAC, proxy: Proxy(), setWindowRect: true, strictFileInteractability: false, timeouts: {implicit: 0, pageLoad: 300000, script: 30000}, unhandledPromptBehavior: dismiss and notify, webauthn:extension:credBlob: true, webauthn:extension:largeBlob: true, webauthn:extension:minPinLength: true, webauthn:extension:prf: true, webauthn:virtualAuthenticators: true}
Session ID: 06de1bfbb2b3b631f33c8a121915ad03]]>
            </message>
            <full-stacktrace>
              <![CDATA[org.openqa.selenium.ElementClickInterceptedException: element click intercepted: Element <input data-v-8e60f73a="" type="text" id="vc_home_country" name="89im6edfs5f" autocomplete="89im6edfs5f" required="required" class="input-field" placeholder="Select Country of Residence"> is not clickable at point (808, 782). Other element would receive the click: <li data-v-8e60f73a="" data-value="" class="dropdown-item country-static-label">...</li>
  (Session info: chrome=126.0.6478.183)
Build info: version: '3.141.59', revision: 'e82be7d358', time: '2018-11-14T08:17:03'
System info: host: 'VisitorsCoverages-MacBook-Pro.local', ip: 'fe80:0:0:0:1492:bee1:54e0:223e%en0', os.name: 'Mac OS X', os.arch: 'x86_64', os.version: '14.5', java.version: '21.0.4'
Driver info: org.openqa.selenium.chrome.ChromeDriver
Capabilities {acceptInsecureCerts: false, browserName: chrome, browserVersion: 126.0.6478.183, chrome: {chromedriverVersion: 126.0.6478.182 (5b5d8292ddf..., userDataDir: /var/folders/1h/87lt886n385...}, fedcm:accounts: true, goog:chromeOptions: {debuggerAddress: localhost:55553}, javascriptEnabled: true, networkConnectionEnabled: false, pageLoadStrategy: normal, platform: MAC, platformName: MAC, proxy: Proxy(), setWindowRect: true, strictFileInteractability: false, timeouts: {implicit: 0, pageLoad: 300000, script: 30000}, unhandledPromptBehavior: dismiss and notify, webauthn:extension:credBlob: true, webauthn:extension:largeBlob: true, webauthn:extension:minPinLength: true, webauthn:extension:prf: true, webauthn:virtualAuthenticators: true}
Session ID: 06de1bfbb2b3b631f33c8a121915ad03
at java.base/jdk.internal.reflect.DirectConstructorHandleAccessor.newInstance(DirectConstructorHandleAccessor.java:62)
at java.base/java.lang.reflect.Constructor.newInstanceWithCaller(Constructor.java:502)
at java.base/java.lang.reflect.Constructor.newInstance(Constructor.java:486)
at org.openqa.selenium.remote.http.W3CHttpResponseCodec.createException(W3CHttpResponseCodec.java:187)
at org.openqa.selenium.remote.http.W3CHttpResponseCodec.decode(W3CHttpResponseCodec.java:122)
at org.openqa.selenium.remote.http.W3CHttpResponseCodec.decode(W3CHttpResponseCodec.java:49)
at org.openqa.selenium.remote.HttpCommandExecutor.execute(HttpCommandExecutor.java:158)
at org.openqa.selenium.remote.service.DriverCommandExecutor.execute(DriverCommandExecutor.java:83)
at org.openqa.selenium.remote.RemoteWebDriver.execute(RemoteWebDriver.java:552)
at org.openqa.selenium.remote.RemoteWebElement.execute(RemoteWebElement.java:285)
at org.openqa.selenium.remote.RemoteWebElement.click(RemoteWebElement.java:84)
at com.test.automatiom.testCaseTrawikAPIFetchUIElements.test(testCaseTrawikAPIFetchUIElements.java:305)
at java.base/jdk.internal.reflect.DirectMethodHandleAccessor.invoke(DirectMethodHandleAccessor.java:103)
at java.base/java.lang.reflect.Method.invoke(Method.java:580)
at org.testng.internal.MethodInvocationHelper.invokeMethod(MethodInvocationHelper.java:133)
at org.testng.internal.TestInvoker.invokeMethod(TestInvoker.java:598)
at org.testng.internal.TestInvoker.invokeTestMethod(TestInvoker.java:173)
at org.testng.internal.MethodRunner.runInSequence(MethodRunner.java:46)
at org.testng.internal.TestInvoker$MethodInvocationAgent.invoke(TestInvoker.java:824)
at org.testng.internal.TestInvoker.invokeTestMethods(TestInvoker.java:146)
at org.testng.internal.TestMethodWorker.invokeTestMethods(TestMethodWorker.java:146)
at org.testng.internal.TestMethodWorker.run(TestMethodWorker.java:128)
at java.base/java.util.ArrayList.forEach(ArrayList.java:1596)
at org.testng.TestRunner.privateRun(TestRunner.java:794)
at org.testng.TestRunner.run(TestRunner.java:596)
at org.testng.SuiteRunner.runTest(SuiteRunner.java:377)
at org.testng.SuiteRunner.runSequentially(SuiteRunner.java:371)
at org.testng.SuiteRunner.privateRun(SuiteRunner.java:332)
at org.testng.SuiteRunner.run(SuiteRunner.java:276)
at org.testng.SuiteRunnerWorker.runSuite(SuiteRunnerWorker.java:53)
at org.testng.SuiteRunnerWorker.run(SuiteRunnerWorker.java:96)
at org.testng.TestNG.runSuitesSequentially(TestNG.java:1212)
at org.testng.TestNG.runSuitesLocally(TestNG.java:1134)
at org.testng.TestNG.runSuites(TestNG.java:1063)
at org.testng.TestNG.run(TestNG.java:1031)
at org.testng.remote.AbstractRemoteTestNG.run(AbstractRemoteTestNG.java:115)
at org.testng.remote.RemoteTestNG.initAndRun(RemoteTestNG.java:293)
at org.testng.remote.RemoteTestNG.main(RemoteTestNG.java:91)
]]>
            </full-stacktrace>
          </exception> <!-- org.openqa.selenium.ElementClickInterceptedException -->
          <reporter-output>
          </reporter-output>
        </test-method> <!-- test -->
        <test-method is-config="true" signature="tearDown()[pri:0, instance:com.test.automatiom.testCaseTrawikAPIFetchUIElements@3d51f06e]" started-at="2024-09-26T14:46:28 PDT" name="tearDown" finished-at="2024-09-26T14:46:28 PDT" duration-ms="184" status="PASS">
          <reporter-output>
          </reporter-output>
        </test-method> <!-- tearDown -->
      </class> <!-- com.test.automatiom.testCaseTrawikAPIFetchUIElements -->
    </test> <!-- trawik_option_none -->
  </suite> <!-- Suite -->
</testng-results>
