<?xml version="1.0" encoding="UTF-8"?>
<testng-results ignored="0" total="5" passed="4" failed="1" skipped="0">
  <reporter-output>
  </reporter-output>
  <suite started-at="2024-09-16T13:02:58 PDT" name="Suite" finished-at="2024-09-16T13:18:11 PDT" duration-ms="912741">
    <groups>
    </groups>
    <test started-at="2024-09-16T13:02:58 PDT" name="trawik_option_none" finished-at="2024-09-16T13:06:01 PDT" duration-ms="182248">
      <class name="com.test.automatiom.testCaseTrawik">
        <test-method is-config="true" signature="setUp()[pri:0, instance:com.test.automatiom.testCaseTrawik@255b53dc]" started-at="2024-09-16T13:02:58 PDT" name="setUp" finished-at="2024-09-16T13:03:01 PDT" duration-ms="2434" status="PASS">
          <reporter-output>
          </reporter-output>
        </test-method> <!-- setUp -->
        <test-method signature="test(java.lang.String)[pri:0, instance:com.test.automatiom.testCaseTrawik@255b53dc]" started-at="2024-09-16T13:03:01 PDT" name="test" finished-at="2024-09-16T13:06:00 PDT" duration-ms="179656" status="PASS">
          <params>
            <param index="0">
              <value>
                <![CDATA[disabilityUpgradeNone_HomeCountryNone]]>
              </value>
            </param>
          </params>
          <reporter-output>
          </reporter-output>
        </test-method> <!-- test -->
        <test-method is-config="true" signature="tearDown()[pri:0, instance:com.test.automatiom.testCaseTrawik@255b53dc]" started-at="2024-09-16T13:06:00 PDT" name="tearDown" finished-at="2024-09-16T13:06:01 PDT" duration-ms="125" status="PASS">
          <reporter-output>
          </reporter-output>
        </test-method> <!-- tearDown -->
      </class> <!-- com.test.automatiom.testCaseTrawik -->
    </test> <!-- trawik_option_none -->
    <test started-at="2024-09-16T13:06:06 PDT" name="trawik_option_50k" finished-at="2024-09-16T13:09:03 PDT" duration-ms="177186">
      <class name="com.test.automatiom.testCaseTrawik">
        <test-method is-config="true" signature="setUp()[pri:0, instance:com.test.automatiom.testCaseTrawik@341b80b2]" started-at="2024-09-16T13:06:06 PDT" name="setUp" finished-at="2024-09-16T13:06:07 PDT" duration-ms="1813" status="PASS">
          <reporter-output>
          </reporter-output>
        </test-method> <!-- setUp -->
        <test-method signature="test(java.lang.String)[pri:0, instance:com.test.automatiom.testCaseTrawik@341b80b2]" started-at="2024-09-16T13:06:07 PDT" name="test" finished-at="2024-09-16T13:09:03 PDT" duration-ms="175141" status="FAIL">
          <params>
            <param index="0">
              <value>
                <![CDATA[disabilityUpgrade50k_HomeCountryNone]]>
              </value>
            </param>
          </params>
          <exception class="org.openqa.selenium.TimeoutException">
            <message>
              <![CDATA[Expected condition failed: waiting for visibility of element located by By.xpath: /html/body/div[1]/div/div/div/div/div/div[2]/div/div[1]/div/div[1]/div/div/div/div[4]/div/div/div[2]/div/div/div[1]/div[2]/div[2]/div/span/div/div/div/ul/li[6] (tried for 30 second(s) with 500 milliseconds interval)
Build info: version: '3.141.59', revision: 'e82be7d358', time: '2018-11-14T08:17:03'
System info: host: 'VisitorsCoverages-MacBook-Pro.local', ip: 'fe80:0:0:0:1492:bee1:54e0:223e%en0', os.name: 'Mac OS X', os.arch: 'x86_64', os.version: '14.5', java.version: '21.0.4'
Driver info: org.openqa.selenium.chrome.ChromeDriver
Capabilities {acceptInsecureCerts: false, browserName: chrome, browserVersion: 126.0.6478.183, chrome: {chromedriverVersion: 126.0.6478.182 (5b5d8292ddf..., userDataDir: /var/folders/1h/87lt886n385...}, fedcm:accounts: true, goog:chromeOptions: {debuggerAddress: localhost:51491}, javascriptEnabled: true, networkConnectionEnabled: false, pageLoadStrategy: normal, platform: MAC, platformName: MAC, proxy: Proxy(), setWindowRect: true, strictFileInteractability: false, timeouts: {implicit: 0, pageLoad: 300000, script: 30000}, unhandledPromptBehavior: dismiss and notify, webauthn:extension:credBlob: true, webauthn:extension:largeBlob: true, webauthn:extension:minPinLength: true, webauthn:extension:prf: true, webauthn:virtualAuthenticators: true}
Session ID: d1b6fec8a87fe473349516f8b498e79f]]>
            </message>
            <full-stacktrace>
              <![CDATA[org.openqa.selenium.TimeoutException: Expected condition failed: waiting for visibility of element located by By.xpath: /html/body/div[1]/div/div/div/div/div/div[2]/div/div[1]/div/div[1]/div/div/div/div[4]/div/div/div[2]/div/div/div[1]/div[2]/div[2]/div/span/div/div/div/ul/li[6] (tried for 30 second(s) with 500 milliseconds interval)
Build info: version: '3.141.59', revision: 'e82be7d358', time: '2018-11-14T08:17:03'
System info: host: 'VisitorsCoverages-MacBook-Pro.local', ip: 'fe80:0:0:0:1492:bee1:54e0:223e%en0', os.name: 'Mac OS X', os.arch: 'x86_64', os.version: '14.5', java.version: '21.0.4'
Driver info: org.openqa.selenium.chrome.ChromeDriver
Capabilities {acceptInsecureCerts: false, browserName: chrome, browserVersion: 126.0.6478.183, chrome: {chromedriverVersion: 126.0.6478.182 (5b5d8292ddf..., userDataDir: /var/folders/1h/87lt886n385...}, fedcm:accounts: true, goog:chromeOptions: {debuggerAddress: localhost:51491}, javascriptEnabled: true, networkConnectionEnabled: false, pageLoadStrategy: normal, platform: MAC, platformName: MAC, proxy: Proxy(), setWindowRect: true, strictFileInteractability: false, timeouts: {implicit: 0, pageLoad: 300000, script: 30000}, unhandledPromptBehavior: dismiss and notify, webauthn:extension:credBlob: true, webauthn:extension:largeBlob: true, webauthn:extension:minPinLength: true, webauthn:extension:prf: true, webauthn:virtualAuthenticators: true}
Session ID: d1b6fec8a87fe473349516f8b498e79f
at org.openqa.selenium.support.ui.WebDriverWait.timeoutException(WebDriverWait.java:95)
at org.openqa.selenium.support.ui.FluentWait.until(FluentWait.java:272)
at com.test.helperMethods.helperUtil.checkEleLoaded(helperUtil.java:29)
at com.test.automatiom.testCaseTrawik.test(testCaseTrawik.java:708)
at java.base/jdk.internal.reflect.DirectMethodHandleAccessor.invoke(DirectMethodHandleAccessor.java:103)
at java.base/java.lang.reflect.Method.invoke(Method.java:580)
at org.testng.internal.MethodInvocationHelper.invokeMethod(MethodInvocationHelper.java:133)
at org.testng.internal.TestInvoker.invokeMethod(TestInvoker.java:598)
at org.testng.internal.TestInvoker.invokeTestMethod(TestInvoker.java:173)
at org.testng.internal.MethodRunner.runInSequence(MethodRunner.java:46)
at org.testng.internal.TestInvoker$MethodInvocationAgent.invoke(TestInvoker.java:824)
at org.testng.internal.TestInvoker.invokeTestMethods(TestInvoker.java:146)
at org.testng.internal.TestMethodWorker.invokeTestMethods(TestMethodWorker.java:146)
at org.testng.internal.TestMethodWorker.run(TestMethodWorker.java:128)
at java.base/java.util.ArrayList.forEach(ArrayList.java:1596)
at org.testng.TestRunner.privateRun(TestRunner.java:794)
at org.testng.TestRunner.run(TestRunner.java:596)
at org.testng.SuiteRunner.runTest(SuiteRunner.java:377)
at org.testng.SuiteRunner.runSequentially(SuiteRunner.java:371)
at org.testng.SuiteRunner.privateRun(SuiteRunner.java:332)
at org.testng.SuiteRunner.run(SuiteRunner.java:276)
at org.testng.SuiteRunnerWorker.runSuite(SuiteRunnerWorker.java:53)
at org.testng.SuiteRunnerWorker.run(SuiteRunnerWorker.java:96)
at org.testng.TestNG.runSuitesSequentially(TestNG.java:1212)
at org.testng.TestNG.runSuitesLocally(TestNG.java:1134)
at org.testng.TestNG.runSuites(TestNG.java:1063)
at org.testng.TestNG.run(TestNG.java:1031)
at org.apache.maven.surefire.testng.TestNGExecutor.run(TestNGExecutor.java:281)
at org.apache.maven.surefire.testng.TestNGXmlTestSuite.execute(TestNGXmlTestSuite.java:75)
at org.apache.maven.surefire.testng.TestNGProvider.invoke(TestNGProvider.java:121)
at org.apache.maven.surefire.booter.ForkedBooter.invokeProviderInSameClassLoader(ForkedBooter.java:290)
at org.apache.maven.surefire.booter.ForkedBooter.runSuitesInProcess(ForkedBooter.java:242)
at org.apache.maven.surefire.booter.ForkedBooter.main(ForkedBooter.java:121)
]]>
            </full-stacktrace>
          </exception> <!-- org.openqa.selenium.TimeoutException -->
          <reporter-output>
          </reporter-output>
        </test-method> <!-- test -->
        <test-method is-config="true" signature="tearDown()[pri:0, instance:com.test.automatiom.testCaseTrawik@341b80b2]" started-at="2024-09-16T13:09:03 PDT" name="tearDown" finished-at="2024-09-16T13:09:03 PDT" duration-ms="216" status="PASS">
          <reporter-output>
          </reporter-output>
        </test-method> <!-- tearDown -->
      </class> <!-- com.test.automatiom.testCaseTrawik -->
    </test> <!-- trawik_option_50k -->
    <test started-at="2024-09-16T13:09:08 PDT" name="trawik_option_100k" finished-at="2024-09-16T13:12:10 PDT" duration-ms="181963">
      <class name="com.test.automatiom.testCaseTrawik">
        <test-method is-config="true" signature="setUp()[pri:0, instance:com.test.automatiom.testCaseTrawik@40e6dfe1]" started-at="2024-09-16T13:09:08 PDT" name="setUp" finished-at="2024-09-16T13:09:10 PDT" duration-ms="1886" status="PASS">
          <reporter-output>
          </reporter-output>
        </test-method> <!-- setUp -->
        <test-method signature="test(java.lang.String)[pri:0, instance:com.test.automatiom.testCaseTrawik@40e6dfe1]" started-at="2024-09-16T13:09:10 PDT" name="test" finished-at="2024-09-16T13:12:10 PDT" duration-ms="179909" status="PASS">
          <params>
            <param index="0">
              <value>
                <![CDATA[disabilityUpgrade100k_HomeCountryNone]]>
              </value>
            </param>
          </params>
          <reporter-output>
          </reporter-output>
        </test-method> <!-- test -->
        <test-method is-config="true" signature="tearDown()[pri:0, instance:com.test.automatiom.testCaseTrawik@40e6dfe1]" started-at="2024-09-16T13:12:10 PDT" name="tearDown" finished-at="2024-09-16T13:12:10 PDT" duration-ms="162" status="PASS">
          <reporter-output>
          </reporter-output>
        </test-method> <!-- tearDown -->
      </class> <!-- com.test.automatiom.testCaseTrawik -->
    </test> <!-- trawik_option_100k -->
    <test started-at="2024-09-16T13:12:15 PDT" name="trawik_option_250k" finished-at="2024-09-16T13:15:21 PDT" duration-ms="186211">
      <class name="com.test.automatiom.testCaseTrawik">
        <test-method is-config="true" signature="setUp()[pri:0, instance:com.test.automatiom.testCaseTrawik@482cd91f]" started-at="2024-09-16T13:12:15 PDT" name="setUp" finished-at="2024-09-16T13:12:17 PDT" duration-ms="1852" status="PASS">
          <reporter-output>
          </reporter-output>
        </test-method> <!-- setUp -->
        <test-method signature="test(java.lang.String)[pri:0, instance:com.test.automatiom.testCaseTrawik@482cd91f]" started-at="2024-09-16T13:12:17 PDT" name="test" finished-at="2024-09-16T13:15:21 PDT" duration-ms="184177" status="PASS">
          <params>
            <param index="0">
              <value>
                <![CDATA[disabilityUpgrade250k_HomeCountryNone]]>
              </value>
            </param>
          </params>
          <reporter-output>
          </reporter-output>
        </test-method> <!-- test -->
        <test-method is-config="true" signature="tearDown()[pri:0, instance:com.test.automatiom.testCaseTrawik@482cd91f]" started-at="2024-09-16T13:15:21 PDT" name="tearDown" finished-at="2024-09-16T13:15:21 PDT" duration-ms="175" status="PASS">
          <reporter-output>
          </reporter-output>
        </test-method> <!-- tearDown -->
      </class> <!-- com.test.automatiom.testCaseTrawik -->
    </test> <!-- trawik_option_250k -->
    <test started-at="2024-09-16T13:15:26 PDT" name="trawik_option_500k" finished-at="2024-09-16T13:18:11 PDT" duration-ms="165070">
      <class name="com.test.automatiom.testCaseTrawik">
        <test-method is-config="true" signature="setUp()[pri:0, instance:com.test.automatiom.testCaseTrawik@75c072cb]" started-at="2024-09-16T13:15:26 PDT" name="setUp" finished-at="2024-09-16T13:15:28 PDT" duration-ms="1797" status="PASS">
          <reporter-output>
          </reporter-output>
        </test-method> <!-- setUp -->
        <test-method signature="test(java.lang.String)[pri:0, instance:com.test.automatiom.testCaseTrawik@75c072cb]" started-at="2024-09-16T13:15:28 PDT" name="test" finished-at="2024-09-16T13:18:11 PDT" duration-ms="163096" status="PASS">
          <params>
            <param index="0">
              <value>
                <![CDATA[disabilityUpgrade500k_HomeCountryNone]]>
              </value>
            </param>
          </params>
          <reporter-output>
          </reporter-output>
        </test-method> <!-- test -->
        <test-method is-config="true" signature="tearDown()[pri:0, instance:com.test.automatiom.testCaseTrawik@75c072cb]" started-at="2024-09-16T13:18:11 PDT" name="tearDown" finished-at="2024-09-16T13:18:11 PDT" duration-ms="173" status="PASS">
          <reporter-output>
          </reporter-output>
        </test-method> <!-- tearDown -->
      </class> <!-- com.test.automatiom.testCaseTrawik -->
    </test> <!-- trawik_option_500k -->
  </suite> <!-- Suite -->
</testng-results>
