<?xml version="1.0" encoding="UTF-8"?>
<testsuite xmlns:xsi="http://www.w3.org/2001/XMLSchema-instance" xsi:schemaLocation="https://maven.apache.org/surefire/maven-surefire-plugin/xsd/surefire-test-report.xsd" name="TestSuite" time="918.124" tests="5" errors="0" skipped="0" failures="1">
  <properties>
[...]
</properties>
  <testcase name="test" classname="com.test.automatiom.testCaseTrawik" time="179.67"/>
  <testcase name="test" classname="com.test.automatiom.testCaseTrawik" time="175.174">
    <failure message="Expected condition failed: waiting for visibility of element located by By.xpath: /html/body/div[1]/div/div/div/div/div/div[2]/div/div[1]/div/div[1]/div/div/div/div[4]/div/div/div[2]/div/div/div[1]/div[2]/div[2]/div/span/div/div/div/ul/li[6] (tried for 30 second(s) with 500 milliseconds interval)&#10;Build info: version: &apos;3.141.59&apos;, revision: &apos;e82be7d358&apos;, time: &apos;2018-11-14T08:17:03&apos;&#10;System info: host: &apos;VisitorsCoverages-MacBook-Pro.local&apos;, ip: &apos;fe80:0:0:0:1492:bee1:54e0:223e%en0&apos;, os.name: &apos;Mac OS X&apos;, os.arch: &apos;x86_64&apos;, os.version: &apos;14.5&apos;, java.version: &apos;21.0.4&apos;&#10;Driver info: org.openqa.selenium.chrome.ChromeDriver&#10;Capabilities {acceptInsecureCerts: false, browserName: chrome, browserVersion: 126.0.6478.183, chrome: {chromedriverVersion: 126.0.6478.182 (5b5d8292ddf..., userDataDir: /var/folders/1h/87lt886n385...}, fedcm:accounts: true, goog:chromeOptions: {debuggerAddress: localhost:51491}, javascriptEnabled: true, networkConnectionEnabled: false, pageLoadStrategy: normal, platform: MAC, platformName: MAC, proxy: Proxy(), setWindowRect: true, strictFileInteractability: false, timeouts: {implicit: 0, pageLoad: 300000, script: 30000}, unhandledPromptBehavior: dismiss and notify, webauthn:extension:credBlob: true, webauthn:extension:largeBlob: true, webauthn:extension:minPinLength: true, webauthn:extension:prf: true, webauthn:virtualAuthenticators: true}&#10;Session ID: d1b6fec8a87fe473349516f8b498e79f" type="org.openqa.selenium.TimeoutException">org.openqa.selenium.TimeoutException: 
Expected condition failed: waiting for visibility of element located by By.xpath: /html/body/div[1]/div/div/div/div/div/div[2]/div/div[1]/div/div[1]/div/div/div/div[4]/div/div/div[2]/div/div/div[1]/div[2]/div[2]/div/span/div/div/div/ul/li[6] (tried for 30 second(s) with 500 milliseconds interval)
Build info: version: '3.141.59', revision: 'e82be7d358', time: '2018-11-14T08:17:03'
System info: host: 'VisitorsCoverages-MacBook-Pro.local', ip: 'fe80:0:0:0:1492:bee1:54e0:223e%en0', os.name: 'Mac OS X', os.arch: 'x86_64', os.version: '14.5', java.version: '21.0.4'
Driver info: org.openqa.selenium.chrome.ChromeDriver
Capabilities {acceptInsecureCerts: false, browserName: chrome, browserVersion: 126.0.6478.183, chrome: {chromedriverVersion: 126.0.6478.182 (5b5d8292ddf..., userDataDir: /var/folders/1h/87lt886n385...}, fedcm:accounts: true, goog:chromeOptions: {debuggerAddress: localhost:51491}, javascriptEnabled: true, networkConnectionEnabled: false, pageLoadStrategy: normal, platform: MAC, platformName: MAC, proxy: Proxy(), setWindowRect: true, strictFileInteractability: false, timeouts: {implicit: 0, pageLoad: 300000, script: 30000}, unhandledPromptBehavior: dismiss and notify, webauthn:extension:credBlob: true, webauthn:extension:largeBlob: true, webauthn:extension:minPinLength: true, webauthn:extension:prf: true, webauthn:virtualAuthenticators: true}
Session ID: d1b6fec8a87fe473349516f8b498e79f
	at com.test.automatiom.testCaseTrawik.test(testCaseTrawik.java:708)
</failure>
    <system-out><![CDATA[10/23/2024
23
valCoverageEndDate : 23
09/21/2024
21
valCoverageStartDate : 9/21/2024
valArrivalDate : 21
valCoverageStartDate:21:
testOption : disabilityUpgrade50k_HomeCountryNone
]]></system-out>
    <system-err><![CDATA[Starting ChromeDriver 126.0.6478.182 (5b5d8292ddf182f8b2096fa665b473b6317906d5-refs/branch-heads/6478@{#1776}) on port 17646
Only local connections are allowed.
Please see https://chromedriver.chromium.org/security-considerations for suggestions on keeping ChromeDriver safe.
ChromeDriver was started successfully.
Sep 16, 2024 1:06:07 PM org.openqa.selenium.remote.ProtocolHandshake createSession
INFO: Detected dialect: W3C
]]></system-err>
  </testcase>
  <testcase name="test" classname="com.test.automatiom.testCaseTrawik" time="179.912"/>
  <testcase name="test" classname="com.test.automatiom.testCaseTrawik" time="184.181"/>
  <testcase name="test" classname="com.test.automatiom.testCaseTrawik" time="163.099"/>
</testsuite>