<?xml version="1.0" encoding="UTF-8"?>
<!-- Generated by org.testng.reporters.JUnitXMLReporter -->
<testsuite ignored="0" hostname="VisitorsCoverages-MacBook-Pro.local" failures="1" tests="1" name="trawik_option_500k" time="1.763" errors="0" timestamp="2024-09-26T13:32:14 PDT">
  <testcase classname="com.test.automatiom.testCaseTrawikAPIFetchUIElements" name="test" time="0.0">
    <failure type="org.testng.TestNGException" message="
Parameter &amp;apos;withJSON&amp;apos; is required by @Test on method test but has not been marked @Optional or defined
in /Users/preeth/eclipse-workspace/vistorsCoverageUIAutomationFinal/testngAPIFetchUIElement.xml">
      <![CDATA[org.testng.TestNGException: 
Parameter 'withJSON' is required by @Test on method test but has not been marked @Optional or defined
in /Users/preeth/eclipse-workspace/vistorsCoverageUIAutomationFinal/testngAPIFetchUIElement.xml
at java.base/java.util.ArrayList.forEach(ArrayList.java:1596)
... Removed 26 stack frames]]>
    </failure>
  </testcase> <!-- test -->
</testsuite> <!-- trawik_option_500k -->
